<?xml version="1.0" encoding="UTF-8"?>
<!-- Generated by org.testng.reporters.JUnitReportReporter -->
<testsuite hostname="LAPTOP-LJT4TVA1" failures="0" tests="1" name="SunShineContactRunner.SunShineContactTestRunner" time="8.530" errors="0" timestamp="2023-04-15T15:40:35 CDT" skipped="0">
  <testcase classname="SunShineContactRunner.SunShineContactTestRunner" name="feature" time="8.530"/>
  <system-out/>
</testsuite> <!-- SunShineContactRunner.SunShineContactTestRunner -->
